<?xml version="1.0" encoding="UTF-8"?>
<!-- Generated by org.testng.reporters.JUnitReportReporter -->
<testsuite hostname="Nistozs-MacBook-Pro-II.local" failures="0" tests="1" name="nb_c10s8_Test_pkg.AddCustomerTest" time="21.051" errors="0" timestamp="2023-07-15T22:42:54 CDT" skipped="0">
  <testcase classname="nb_c10s8_Test_pkg.AddCustomerTest" name="userShouldBeAbleToAddCustomer" time="21.051"/>
</testsuite> <!-- nb_c10s8_Test_pkg.AddCustomerTest -->
